2023-07-24 13:08:49.226+0000 INFO  Starting...
2023-07-24 13:08:50.313+0000 INFO  This instance is ServerId{19970983} (19970983-5537-48da-86eb-fae427908c62)
2023-07-24 13:08:51.252+0000 INFO  ======== Neo4j 5.10.0 ========
2023-07-24 13:08:54.733+0000 INFO  Bolt enabled on 0.0.0.0:7687.
2023-07-24 13:08:55.462+0000 INFO  Remote interface available at http://localhost:7474/
2023-07-24 13:08:55.467+0000 INFO  id: 2A62C0662A573C0358746DACBF2F1E03D8DE9C068C608C01E260147C3FE0D396
2023-07-24 13:08:55.469+0000 INFO  name: system
2023-07-24 13:08:55.470+0000 INFO  creationDate: 2023-07-24T13:08:52.169Z
2023-07-24 13:08:55.471+0000 INFO  Started.
2023-07-24 13:24:06.336+0000 INFO  Neo4j Server shutdown initiated by request
2023-07-24 13:24:06.342+0000 INFO  Stopping...
2023-07-24 13:38:09.470+0000 INFO  Starting...
2023-07-24 13:38:10.166+0000 INFO  This instance is ServerId{19970983} (19970983-5537-48da-86eb-fae427908c62)
2023-07-24 13:38:10.810+0000 INFO  ======== Neo4j 5.10.0 ========
2023-07-24 13:38:15.610+0000 INFO  Bolt enabled on 0.0.0.0:7687.
2023-07-24 13:38:16.319+0000 INFO  Remote interface available at http://localhost:7474/
2023-07-24 13:38:16.324+0000 INFO  id: 2A62C0662A573C0358746DACBF2F1E03D8DE9C068C608C01E260147C3FE0D396
2023-07-24 13:38:16.325+0000 INFO  name: system
2023-07-24 13:38:16.326+0000 INFO  creationDate: 2023-07-24T13:08:52.169Z
2023-07-24 13:38:16.327+0000 INFO  Started.
2023-07-24 13:49:26.027+0000 INFO  Neo4j Server shutdown initiated by request
2023-07-24 13:49:26.029+0000 INFO  Stopping...
2023-07-24 13:49:31.670+0000 INFO  Stopped.
